<?xml version="1.0" encoding="UTF-8"?>
<!-- Generated by org.testng.reporters.JUnitReportReporter -->
<testsuite hostname="DESKTOP-K5O8H91" failures="0" tests="1" name="automated_test.Registrstion" time="36.689" errors="0" timestamp="2022-10-10T13:44:12 IST" skipped="0">
  <testcase classname="automated_test.Registrstion" name="register" time="36.689"/>
  <system-out/>
</testsuite> <!-- automated_test.Registrstion -->
