<?xml version="1.0" encoding="UTF-8"?>
<!-- Generated by org.testng.reporters.JUnitReportReporter -->
<testsuite hostname="DESKTOP-K5O8H91" failures="0" tests="1" name="automated_test.Login" time="25.883" errors="0" timestamp="2022-10-10T13:45:58 IST" skipped="0">
  <testcase classname="automated_test.Login" name="login" time="25.883"/>
  <system-out/>
</testsuite> <!-- automated_test.Login -->
