<?xml version="1.0" encoding="UTF-8"?>
<!-- Generated by org.testng.reporters.JUnitReportReporter -->
<testsuite hostname="DESKTOP-K5O8H91" failures="0" tests="1" name="automated_test.AddToCart" time="43.917" errors="0" timestamp="2022-10-10T13:27:53 IST" skipped="0">
  <testcase classname="automated_test.AddToCart" name="func" time="43.917"/>
  <system-out/>
</testsuite> <!-- automated_test.AddToCart -->
